(---------------------------------------------------------------------)
(                                                                     )
(    ARTWORK LOG                                                      )
(                                                                     )
(    Drawing          : AVRUSB500kkk1111.brd                          )
(    Software Version : 16.6S034                                      )
(    Date/Time        : Fri Jul 19 12:47:41 2019                      )
(                                                                     )
(---------------------------------------------------------------------)



 ******************************************
 WARNING: DRC OUT OF DATE on this layout.
 ******************************************

 ---- Photoplot outline rectangle not found; using drawing extents.



Results from parameter file ...
    DEVICE-TYPE           GERBER_RS274X
    OUTPUT-UNITS          MM
    FILM-SIZE             2400000 1600000
    FORMAT                5.5
    ABORT-ON-ERROR        NO
    SCALE                 1
    SUPPRESS-LEAD-ZEROES  YES
    SUPPRESS-TRAIL-ZEROES NO
    SUPPRESS-EQUAL        YES
    UNDEF-APT-CONT        NO


================================================================
     PROCESSING FILM < SilkB >
     TO FILE < C:/Users/user/Desktop/work/avrUSB500/allegro/gerbv/SilkB.art > ...
================================================================

  FILM PARAMETERS :
  ---------------------------------------------------------
  Undefined line width                0.0000
  Suppress shape fill on neg film     NO
  Mirror code                         NONE
  Rotate angle                        NONE
  Offset x:                           0.0000
  Offset y:                           0.0000
  Plot negative                       NO
  Suppress unconnected internal pads  NO
  Draw holes only                     NO



  APERTURES USED:  NONE
     SilkB created with warnings


================================================================
     PROCESSING FILM < SolderB >
     TO FILE < C:/Users/user/Desktop/work/avrUSB500/allegro/gerbv/SolderB.art > ...
================================================================

  FILM PARAMETERS :
  ---------------------------------------------------------
  Undefined line width                0.0000
  Suppress shape fill on neg film     NO
  Mirror code                         NONE
  Rotate angle                        NONE
  Offset x:                           0.0000
  Offset y:                           0.0000
  Plot negative                       NO
  Suppress unconnected internal pads  NO
  Draw holes only                     NO



  APERTURES USED:
  ---------------------------------------------------------
  TYPE       SIZE/NAME                   ROT   MIRROR MODE 
  ---------------------------------------------------------
  CIRCLE     1.32100                                  DARK 
  CIRCLE     1.57500                                  DARK 
  SQUARE     1.32100                     0.000 NO     DARK 
  SQUARE     1.57500                     0.000 NO     DARK 
  OBLONG     1.20000     x 1.90000       0.000 NO     DARK 

     SolderB created with warnings


================================================================
     PROCESSING FILM < SodeT >
     TO FILE < C:/Users/user/Desktop/work/avrUSB500/allegro/gerbv/SodeT.art > ...
================================================================

  FILM PARAMETERS :
  ---------------------------------------------------------
  Undefined line width                0.2000
  Suppress shape fill on neg film     NO
  Mirror code                         NONE
  Rotate angle                        NONE
  Offset x:                           0.0000
  Offset y:                           0.0000
  Plot negative                       NO
  Suppress unconnected internal pads  NO
  Draw holes only                     NO



  APERTURES USED:
  ---------------------------------------------------------
  TYPE       SIZE/NAME                   ROT   MIRROR MODE 
  ---------------------------------------------------------
  CIRCLE     1.32100                                  DARK 
  CIRCLE     1.57500                                  DARK 
  SQUARE     1.32100                     0.000 NO     DARK 
  SQUARE     1.57500                     0.000 NO     DARK 
  OBLONG     1.20000     x 1.90000       0.000 NO     DARK 

     SodeT created with warnings


================================================================
     PROCESSING FILM < SilkT >
     TO FILE < C:/Users/user/Desktop/work/avrUSB500/allegro/gerbv/SilkT.art > ...
================================================================

  FILM PARAMETERS :
  ---------------------------------------------------------
  Undefined line width                0.2000
  Suppress shape fill on neg film     NO
  Mirror code                         NONE
  Rotate angle                        NONE
  Offset x:                           0.0000
  Offset y:                           0.0000
  Plot negative                       NO
  Suppress unconnected internal pads  NO
  Draw holes only                     NO



  APERTURES USED:
  ---------------------------------------------------------
  TYPE       SIZE/NAME                   ROT   MIRROR MODE 
  ---------------------------------------------------------
  CIRCLE     0.20000                                  DARK 
  CIRCLE     0.20300                                  DARK 
  CIRCLE     0.25400                                  DARK 

     SilkT created with warnings


================================================================
     PROCESSING FILM < Dejin >
     TO FILE < C:/Users/user/Desktop/work/avrUSB500/allegro/gerbv/Dejin.art > ...
================================================================

  FILM PARAMETERS :
  ---------------------------------------------------------
  Undefined line width                0.0000
  Suppress shape fill on neg film     NO
  Mirror code                         NONE
  Rotate angle                        NONE
  Offset x:                           0.0000
  Offset y:                           0.0000
  Plot negative                       NO
  Suppress unconnected internal pads  NO
  Draw holes only                     NO

    WARNING: Film contains layer ROUTE KEEPOUT/ALL that should not normally be used etch (conductor) layers.
    WARNING: Film contains layer ROUTE KEEPIN/ALL that should not normally be used etch (conductor) layers.
    WARNING: Film contains layer PACKAGE KEEPIN/ALL that should not normally be used etch (conductor) layers.
           
    WARNING: Film contains objects with associated DRCs (7).
           In the design editor view this film and enable visibility for the
           associated DRC layer. Verify the DRCs are approved exceptions to your rules.
    WARNING: more than one pin class in film record
    WARNING: more than one via class in film record
    WARNING: more than one etch class in film record
    WARNING: Null REGULAR-PAD specified for padstack QUAD_LLB_PAD99 at (41.5670 23.9520).
    WARNING: Null REGULAR-PAD specified for padstack QUAD_LLB_PAD100 at (40.7670 23.9520).
    WARNING: Null REGULAR-PAD specified for padstack QUAD_LLB_PAD99 at (39.9670 23.9520).
    WARNING: Null REGULAR-PAD specified for padstack QUAD_LLB_PAD99 at (39.1670 23.9520).
    WARNING: Null REGULAR-PAD specified for padstack QUAD_LLB_PAD99 at (38.3670 23.9520).
    WARNING: Null REGULAR-PAD specified for padstack QUAD_LLB_PAD99 at (37.5670 23.9520).
    WARNING: Null REGULAR-PAD specified for padstack QUAD_LLB_PAD99 at (36.7670 23.9520).
    WARNING: Null REGULAR-PAD specified for padstack QUAD_LLB_PAD97_1 at (35.3190 25.4000).
    WARNING: Null REGULAR-PAD specified for padstack QUAD_LLB_PAD97_1 at (35.3190 26.2000).
    WARNING: Null REGULAR-PAD specified for padstack QUAD_LLB_PAD97_1 at (35.3190 27.0000).
    WARNING: Null REGULAR-PAD specified for padstack QUAD_LLB_PAD97_1 at (35.3190 27.8000).
    WARNING: Null REGULAR-PAD specified for padstack QUAD_LLB_PAD98_1 at (35.3190 28.6000).
    WARNING: Null REGULAR-PAD specified for padstack QUAD_LLB_PAD97_1 at (35.3190 29.4000).
    WARNING: Null REGULAR-PAD specified for padstack QUAD_LLB_PAD97_1 at (35.3190 30.2010).
    WARNING: Null REGULAR-PAD specified for padstack QUAD_LLB_PAD97_1 at (35.3190 31.0010).
    WARNING: Null REGULAR-PAD specified for padstack QUAD_LLB_PAD95_1 at (36.7670 32.4480).
    WARNING: Null REGULAR-PAD specified for padstack QUAD_LLB_PAD95_1 at (37.5670 32.4480).
    WARNING: Null REGULAR-PAD specified for padstack QUAD_LLB_PAD95_1 at (38.3670 32.4480).
    WARNING: Null REGULAR-PAD specified for padstack QUAD_LLB_PAD95_1 at (39.1670 32.4480).
    WARNING: Null REGULAR-PAD specified for padstack QUAD_LLB_PAD95_1 at (39.9670 32.4480).
    WARNING: Null REGULAR-PAD specified for padstack QUAD_LLB_PAD95_1 at (40.7670 32.4480).
    WARNING: Null REGULAR-PAD specified for padstack QUAD_LLB_PAD96_1 at (41.5670 32.4480).
    WARNING: Null REGULAR-PAD specified for padstack QUAD_LLB_PAD99 at (42.3670 23.9520).
    WARNING: Null REGULAR-PAD specified for padstack QUAD_LLB_PAD94_1 at (43.8150 26.2000).
    WARNING: Null REGULAR-PAD specified for padstack QUAD_LLB_PAD93_1 at (43.8150 25.4000).
    WARNING: Null REGULAR-PAD specified for padstack QUAD_LLB_PAD95_1 at (42.3670 32.4480).
    WARNING: Null REGULAR-PAD specified for padstack QUAD_LLB_PAD94_1 at (43.8150 31.0010).
    WARNING: Null REGULAR-PAD specified for padstack QUAD_LLB_PAD94_1 at (43.8150 30.2010).
    WARNING: Null REGULAR-PAD specified for padstack QUAD_LLB_PAD94_1 at (43.8150 29.4000).
    WARNING: Null REGULAR-PAD specified for padstack QUAD_LLB_PAD94_1 at (43.8150 28.6000).
    WARNING: Null REGULAR-PAD specified for padstack QUAD_LLB_PAD94_1 at (43.8150 27.8000).
    WARNING: Null REGULAR-PAD specified for padstack QUAD_LLB_PAD94_1 at (43.8150 27.0000).
    WARNING: Null REGULAR-PAD specified for padstack QUAD_LLB_PAD99 at (79.8320 24.3080).
    WARNING: Null REGULAR-PAD specified for padstack QUAD_LLB_PAD99 at (79.8320 25.1080).
    WARNING: Null REGULAR-PAD specified for padstack QUAD_LLB_PAD100 at (79.8320 25.9080).
    WARNING: Null REGULAR-PAD specified for padstack QUAD_LLB_PAD99 at (79.8320 26.7080).
    WARNING: Null REGULAR-PAD specified for padstack QUAD_LLB_PAD99 at (79.8320 27.5080).
    WARNING: Null REGULAR-PAD specified for padstack QUAD_LLB_PAD99 at (79.8320 28.3080).
    WARNING: Null REGULAR-PAD specified for padstack QUAD_LLB_PAD99 at (79.8320 29.1080).
    WARNING: Null REGULAR-PAD specified for padstack QUAD_LLB_PAD99 at (79.8320 29.9080).
    WARNING: Null REGULAR-PAD specified for padstack QUAD_LLB_PAD94_1 at (86.8810 22.8600).
    WARNING: Null REGULAR-PAD specified for padstack QUAD_LLB_PAD94_1 at (86.0810 22.8600).
    WARNING: Null REGULAR-PAD specified for padstack QUAD_LLB_PAD94_1 at (85.2800 22.8600).
    WARNING: Null REGULAR-PAD specified for padstack QUAD_LLB_PAD94_1 at (84.4800 22.8600).
    WARNING: Null REGULAR-PAD specified for padstack QUAD_LLB_PAD94_1 at (83.6800 22.8600).
    WARNING: Null REGULAR-PAD specified for padstack QUAD_LLB_PAD94_1 at (82.8800 22.8600).
    WARNING: Null REGULAR-PAD specified for padstack QUAD_LLB_PAD94_1 at (82.0800 22.8600).
    WARNING: Null REGULAR-PAD specified for padstack QUAD_LLB_PAD93_1 at (81.2800 22.8600).
    WARNING: Null REGULAR-PAD specified for padstack QUAD_LLB_PAD97_1 at (81.2800 31.3560).
    WARNING: Null REGULAR-PAD specified for padstack QUAD_LLB_PAD97_1 at (82.0800 31.3560).
    WARNING: Null REGULAR-PAD specified for padstack QUAD_LLB_PAD97_1 at (82.8800 31.3560).
    WARNING: Null REGULAR-PAD specified for padstack QUAD_LLB_PAD97_1 at (83.6800 31.3560).
    WARNING: Null REGULAR-PAD specified for padstack QUAD_LLB_PAD98_1 at (84.4800 31.3560).
    WARNING: Null REGULAR-PAD specified for padstack QUAD_LLB_PAD97_1 at (85.2800 31.3560).
    WARNING: Null REGULAR-PAD specified for padstack QUAD_LLB_PAD97_1 at (86.0810 31.3560).
    WARNING: Null REGULAR-PAD specified for padstack QUAD_LLB_PAD97_1 at (86.8810 31.3560).
    WARNING: Null REGULAR-PAD specified for padstack QUAD_LLB_PAD95_1 at (88.3280 25.9080).
    WARNING: Null REGULAR-PAD specified for padstack QUAD_LLB_PAD96_1 at (88.3280 25.1080).
    WARNING: Null REGULAR-PAD specified for padstack QUAD_LLB_PAD95_1 at (88.3280 24.3080).
    WARNING: Null REGULAR-PAD specified for padstack QUAD_LLB_PAD95_1 at (88.3280 29.9080).
    WARNING: Null REGULAR-PAD specified for padstack QUAD_LLB_PAD95_1 at (88.3280 29.1080).
    WARNING: Null REGULAR-PAD specified for padstack QUAD_LLB_PAD95_1 at (88.3280 28.3080).
    WARNING: Null REGULAR-PAD specified for padstack QUAD_LLB_PAD95_1 at (88.3280 27.5080).
    WARNING: Null REGULAR-PAD specified for padstack QUAD_LLB_PAD95_1 at (88.3280 26.7080).
    WARNING: Null REGULAR-PAD specified for padstack MICRO_USB_ELEC at (99.6950 10.6850).
    WARNING: Null REGULAR-PAD specified for padstack MICRO_USB_ELEC at (100.3450 10.6850).
    WARNING: Null REGULAR-PAD specified for padstack MICRO_USB_ELEC at (100.9950 10.6850).
    WARNING: Null REGULAR-PAD specified for padstack MICRO_USB_ELEC at (98.3950 10.6850).
    WARNING: Null REGULAR-PAD specified for padstack MICRO_USB_ELEC at (99.0450 10.6850).
    WARNING: Null REGULAR-PAD specified for padstack MICRO_USB_GND at (101.9950 10.6850).
    WARNING: Null REGULAR-PAD specified for padstack MICRO_USB_GND at (97.3950 10.6850).
    WARNING: rectangle or unfilled shape composed 0 width line found at (3.0000 3.0000)
           ... ignored.

    WARNING: rectangle or unfilled shape having Multiple 0 width lines; all will be treated the same as the first.
           ... ignored.



  APERTURES USED:
  ---------------------------------------------------------
  TYPE       SIZE/NAME                   ROT   MIRROR MODE 
  ---------------------------------------------------------
  CIRCLE     0.20000                                  DARK 
  CIRCLE     0.20300                                  DARK 
  CIRCLE     0.25400                                  DARK 
  CIRCLE     0.38100                                  DARK 
  CIRCLE     0.38200                                  DARK 
  CIRCLE     0.61000                                  DARK 
  CIRCLE     1.32100                                  DARK 
  CIRCLE     1.57500                                  DARK 
  SQUARE     1.32100                     0.000 NO     DARK 
  SQUARE     1.57500                     0.000 NO     DARK 
  RECTANGLE  0.40000     x 1.70000       0.000 NO     DARK 
  RECTANGLE  1.10000     x 1.72000       0.000 NO     DARK 
  RECTANGLE  1.77800     x 0.45700       0.000 NO     DARK 
  RECTANGLE  1.77800     x 0.45700      90.000 NO     DARK 
  OBLONG     1.20000     x 1.90000       0.000 NO     DARK 
  OBLONG     1.77800     x 0.45700       0.000 NO     DARK 
  OBLONG     1.77800     x 0.45700      90.000 NO     DARK 

     Dejin created with warnings


================================================================
     PROCESSING FILM < BOTTOM >
     TO FILE < C:/Users/user/Desktop/work/avrUSB500/allegro/gerbv/BOTTOM.art > ...
================================================================

  FILM PARAMETERS :
  ---------------------------------------------------------
  Undefined line width                0.0000
  Suppress shape fill on neg film     NO
  Mirror code                         NONE
  Rotate angle                        NONE
  Offset x:                           0.0000
  Offset y:                           0.0000
  Plot negative                       NO
  Suppress unconnected internal pads  NO
  Draw holes only                     NO

    WARNING: Film contains objects with associated DRCs (1).
           In the design editor view this film and enable visibility for the
           associated DRC layer. Verify the DRCs are approved exceptions to your rules.


  APERTURES USED:
  ---------------------------------------------------------
  TYPE       SIZE/NAME                   ROT   MIRROR MODE 
  ---------------------------------------------------------
  CIRCLE     0.25400                                  DARK 
  CIRCLE     0.38200                                  DARK 
  CIRCLE     0.61000                                  DARK 
  CIRCLE     1.32100                                  DARK 
  CIRCLE     1.57500                                  DARK 
  SQUARE     1.32100                     0.000 NO     DARK 
  SQUARE     1.57500                     0.000 NO     DARK 
  OBLONG     1.20000     x 1.90000       0.000 NO     DARK 

     BOTTOM created with warnings


================================================================
     PROCESSING FILM < TOP >
     TO FILE < C:/Users/user/Desktop/work/avrUSB500/allegro/gerbv/TOP.art > ...
================================================================

  FILM PARAMETERS :
  ---------------------------------------------------------
  Undefined line width                0.0000
  Suppress shape fill on neg film     NO
  Mirror code                         NONE
  Rotate angle                        NONE
  Offset x:                           0.0000
  Offset y:                           0.0000
  Plot negative                       NO
  Suppress unconnected internal pads  NO
  Draw holes only                     NO

    WARNING: Film contains objects with associated DRCs (6).
           In the design editor view this film and enable visibility for the
           associated DRC layer. Verify the DRCs are approved exceptions to your rules.


  APERTURES USED:
  ---------------------------------------------------------
  TYPE       SIZE/NAME                   ROT   MIRROR MODE 
  ---------------------------------------------------------
  CIRCLE     0.25400                                  DARK 
  CIRCLE     0.38100                                  DARK 
  CIRCLE     0.38200                                  DARK 
  CIRCLE     0.61000                                  DARK 
  CIRCLE     1.32100                                  DARK 
  CIRCLE     1.57500                                  DARK 
  SQUARE     1.32100                     0.000 NO     DARK 
  SQUARE     1.57500                     0.000 NO     DARK 
  RECTANGLE  0.40000     x 1.70000       0.000 NO     DARK 
  RECTANGLE  1.10000     x 1.72000       0.000 NO     DARK 
  RECTANGLE  1.77800     x 0.45700       0.000 NO     DARK 
  RECTANGLE  1.77800     x 0.45700      90.000 NO     DARK 
  OBLONG     1.20000     x 1.90000       0.000 NO     DARK 
  OBLONG     1.77800     x 0.45700       0.000 NO     DARK 
  OBLONG     1.77800     x 0.45700      90.000 NO     DARK 

     TOP created with warnings


================================================================
     PROCESSING FILM < AutosilkTOP >
     TO FILE < C:/Users/user/Desktop/work/avrUSB500/allegro/gerbv/AutosilkTOP.art > ...
================================================================

  FILM PARAMETERS :
  ---------------------------------------------------------
  Undefined line width                0.0000
  Mirror code                         NONE
  Rotate angle                        NONE
  Offset x:                           0.0000
  Offset y:                           0.0000
  Plot negative                       NO
  Suppress unconnected internal pads  NO
  Draw holes only                     NO



  APERTURES USED:
  ---------------------------------------------------------
  TYPE       SIZE/NAME                   ROT   MIRROR MODE 
  ---------------------------------------------------------
  CIRCLE     0.20000                                  DARK 
  CIRCLE     0.20300                                  DARK 
  CIRCLE     0.25400                                  DARK 

     AutosilkTOP created with warnings


================================================================
     PROCESSING FILM < AutsilkBOttOm >
     TO FILE < C:/Users/user/Desktop/work/avrUSB500/allegro/gerbv/AutsilkBOttOm.art > ...
================================================================

  FILM PARAMETERS :
  ---------------------------------------------------------
  Undefined line width                0.0000
  Mirror code                         NONE
  Rotate angle                        NONE
  Offset x:                           0.0000
  Offset y:                           0.0000
  Plot negative                       NO
  Suppress unconnected internal pads  NO
  Draw holes only                     NO



  APERTURES USED:
  ---------------------------------------------------------
  TYPE       SIZE/NAME                   ROT   MIRROR MODE 
  ---------------------------------------------------------
  CIRCLE     0.20000                                  DARK 
  CIRCLE     0.20300                                  DARK 
  CIRCLE     0.25400                                  DARK 

     AutsilkBOttOm created with warnings


================================================================
     PROCESSING FILM < DrilDraw >
     TO FILE < C:/Users/user/Desktop/work/avrUSB500/allegro/gerbv/DrilDraw.art > ...
================================================================

  FILM PARAMETERS :
  ---------------------------------------------------------
  Undefined line width                0.0000
  Mirror code                         NONE
  Rotate angle                        NONE
  Offset x:                           0.0000
  Offset y:                           0.0000
  Plot negative                       NO
  Suppress unconnected internal pads  NO
  Draw holes only                     NO

    WARNING: 0 width line found at (5.0800 56.8730)
           ... ignored.

    WARNING: Multiple 0 width lines; all will be treated the same as the first.
           ... ignored.

    WARNING: text composed 0 width line found at (9.6520 80.6601)
           ... ignored.

    WARNING: text having Multiple 0 width lines; all will be treated the same as the first.
           ... ignored.



  APERTURES USED:  NONE
     DrilDraw created with warnings


------------------------------------------------------
 SUMMARY:
        SilkB created with warnings
        SolderB created with warnings
        SodeT created with warnings
        SilkT created with warnings
        Dejin created with warnings
        BOTTOM created with warnings
        TOP created with warnings
        AutosilkTOP created with warnings
        AutsilkBOttOm created with warnings
        DrilDraw created with warnings

 ARTWORK had warnings
