(---------------------------------------------------------------------)
(                                                                     )
(    QUICKPLACE LOG                                                   )
(                                                                     )
(    Drawing          : AVRUSB500.brd                                 )
(    Software Version : 16.6S034                                      )
(    Date/Time        : Thu Jul 18 14:52:53 2019                      )
(                                                                     )
(---------------------------------------------------------------------)


State: Placing on layer TOP

ERROR:   Could not find symbol:  IC1 / ATMEGA8-DIL28_1_QUAD80M32WG900_ / QUAD80M32WG900
ERROR:   Could not find symbol:  U1 / FT232BM_2_QUAD80M32WG900_FT232B / QUAD80M32WG900
ERROR:   Could not find symbol:  J4 / CON5_BLKCON100VHTM1SQSW1005_FIR / BLKCON100VHTM1SQSW1005
ERROR:   Could not find symbol:  J2 / CON4_7_MICRO_USB02_USBA_ / MICRO_USB02
ERROR:   Could not find symbol:  J1 / CON5_BLKCON100VHTM1SQSW1005_BBP / BLKCON100VHTM1SQSW1005
ERROR:   Could not find symbol:  J3 / CON5_BLKCON100VHTM1SQSW1005_AVR / BLKCON100VHTM1SQSW1005
ERROR:   Could not find symbol:  C5 / CAPACITOR NON-POL_CPCYL1D225L_3 / CPCYL1D225LS100031
ERROR:   Could not find symbol:  C10 / CAPACITOR NON-POL_CPCYL1D225L_1 / CPCYL1D225LS100031
ERROR:   Could not find symbol:  C7 / CAPACITOR NON-POL_CPCYL1D225L_3 / CPCYL1D225LS100031
ERROR:   Could not find symbol:  C4 / CAPACITOR NON-POL_CPCYL1D225LS1 / CPCYL1D225LS100031
ERROR:   Could not find symbol:  D1 / LED_CYLD250LS125031_LED_ / CYLD250LS125031
ERROR:   Could not find symbol:  C8 / CAPACITOR NON-POL_CPCYL1D225L_3 / CPCYL1D225LS100031
ERROR:   Could not find symbol:  C3 / CAPACITOR NON-POL_CPCYL1D225L_2 / CPCYL1D225LS100031
ERROR:   Could not find symbol:  C6 / CAPACITOR POL_CPCYL1D225LS10003 / CPCYL1D225LS100031
ERROR:   Could not find symbol:  C2 / CAPACITOR NON-POL_CPCYL1D225L_2 / CPCYL1D225LS100031
ERROR:   Could not find symbol:  C9 / CAPACITOR NON-POL_CPCYL1D225L_3 / CPCYL1D225LS100031
ERROR:   Could not find symbol:  R1 / R_AX400X100031_470_SMDRES / AX400X100031
ERROR:   Could not find symbol:  C1 / CAPACITOR NON-POL_CPCYL1D225LS1 / CPCYL1D225LS100031
ERROR:   Could not find symbol:  R11 / R_AX400X100031_1K_SMDRES / AX400X100031
ERROR:   Could not find symbol:  R13 / R_AX400X100031_1K_SMDRES / AX400X100031
ERROR:   Could not find symbol:  R12 / R_AX400X100031_220_SMDRES / AX400X100031
ERROR:   Could not find symbol:  R14 / R_AX400X100031_220_SMDRES / AX400X100031
ERROR:   Could not find symbol:  R15 / R_AX400X100031_220_SMDRES / AX400X100031
ERROR:   Could not find symbol:  R2 / R_AX400X100031_220_SMDRES / AX400X100031
ERROR:   Could not find symbol:  R3 / R_AX400X100031_220_SMDRES / AX400X100031
ERROR:   Could not find symbol:  R4 / R_AX400X100031_220_SMDRES / AX400X100031
ERROR:   Could not find symbol:  R5 / R_AX400X100031_27_SMDRES / AX400X100031
ERROR:   Could not find symbol:  R6 / R_AX400X100031_27_SMDRES / AX400X100031
ERROR:   Could not find symbol:  R7 / R_AX400X100031_1.5K_SMDRES / AX400X100031
ERROR:   Could not find symbol:  R8 / R_AX400X100031_2.2_SMDRES / AX400X100031
ERROR:   Could not find symbol:  R9 / R_AX400X100031_10K_SMDRES / AX400X100031
ERROR:   Could not find symbol:  R10 / R_AX400X100031_470_SMDRES / AX400X100031
ERROR:   Could not find symbol:  Y1 / ZTA_RAD450X200LS300031_3.6864MH / RAD450X200LS300031
ERROR:   Could not find symbol:  Y2 / ZTA_RAD450X200LS300031_6MHZ_ / RAD450X200LS300031


Placed 0 of 34 applicable (34 total) symbols.

-----------------------------------------------------------------------

State: Placing on layer TOP

         Placed symbol:  IC1 / ATMEGA8-DIL28_1_QUAD80M32WG900_ / QUAD80M32WG900 at (2.9212 46.4732)
         Placed symbol:  U1 / FT232BM_2_QUAD80M32WG900_FT232B / QUAD80M32WG900 at (14.1604 46.4732)
         Placed symbol:  J4 / CON5_BLKCON100VHTM1SQSW1005_FIR / BLKCON100VHTM1SQSW1005 at (24.1806 46.5752)
ERROR:   Could not find symbol:  J2 / CON4_7_MICRO_USB02_USBA_ / MICRO_USB02
         Placed symbol:  J1 / CON5_BLKCON100VHTM1SQSW1005_BBP / BLKCON100VHTM1SQSW1005 at (37.5418 46.5752)
         Placed symbol:  J3 / CON5_BLKCON100VHTM1SQSW1005_AVR / BLKCON100VHTM1SQSW1005 at (50.9030 46.5752)
         Placed symbol:  C5 / CAPACITOR NON-POL_CPCYL1D225L_3 / CPCYL1D225LS100031 at (64.4542 48.1622)
         Placed symbol:  C10 / CAPACITOR NON-POL_CPCYL1D225L_1 / CPCYL1D225LS100031 at (70.5754 48.1622)
         Placed symbol:  C7 / CAPACITOR NON-POL_CPCYL1D225L_3 / CPCYL1D225LS100031 at (76.6966 48.1622)
         Placed symbol:  C4 / CAPACITOR NON-POL_CPCYL1D225LS1 / CPCYL1D225LS100031 at (82.8178 48.1622)
         Placed symbol:  D1 / LED_CYLD250LS125031_LED_ / CYLD250LS125031 at (88.9390 48.4802)
         Placed symbol:  C8 / CAPACITOR NON-POL_CPCYL1D225L_3 / CPCYL1D225LS100031 at (95.6952 48.1622)
         Placed symbol:  C3 / CAPACITOR NON-POL_CPCYL1D225L_2 / CPCYL1D225LS100031 at (101.8164 48.1622)
         Placed symbol:  C6 / CAPACITOR POL_CPCYL1D225LS10003 / CPCYL1D225LS100031 at (1.8922 59.4014)
         Placed symbol:  C2 / CAPACITOR NON-POL_CPCYL1D225L_2 / CPCYL1D225LS100031 at (8.0134 59.4014)
         Placed symbol:  C9 / CAPACITOR NON-POL_CPCYL1D225L_3 / CPCYL1D225LS100031 at (14.1346 59.4014)
         Placed symbol:  R1 / R_AX400X100031_470_SMDRES / AX400X100031 at (19.6078 57.8144)
         Placed symbol:  C1 / CAPACITOR NON-POL_CPCYL1D225LS1 / CPCYL1D225LS100031 at (32.7010 59.4014)
         Placed symbol:  R11 / R_AX400X100031_1K_SMDRES / AX400X100031 at (38.1742 57.8144)
         Placed symbol:  R13 / R_AX400X100031_1K_SMDRES / AX400X100031 at (50.6194 57.8144)
         Placed symbol:  R12 / R_AX400X100031_220_SMDRES / AX400X100031 at (63.0646 57.8144)
         Placed symbol:  R14 / R_AX400X100031_220_SMDRES / AX400X100031 at (75.5098 57.8144)
         Placed symbol:  R15 / R_AX400X100031_220_SMDRES / AX400X100031 at (87.9550 57.8144)
         Placed symbol:  R2 / R_AX400X100031_220_SMDRES / AX400X100031 at (1.2442 63.9356)
         Placed symbol:  R3 / R_AX400X100031_220_SMDRES / AX400X100031 at (13.6894 63.9356)
         Placed symbol:  R4 / R_AX400X100031_220_SMDRES / AX400X100031 at (26.1346 63.9356)
         Placed symbol:  R5 / R_AX400X100031_27_SMDRES / AX400X100031 at (38.5798 63.9356)
         Placed symbol:  R6 / R_AX400X100031_27_SMDRES / AX400X100031 at (51.0250 63.9356)
         Placed symbol:  R7 / R_AX400X100031_1.5K_SMDRES / AX400X100031 at (63.4702 63.9356)
         Placed symbol:  R8 / R_AX400X100031_2.2_SMDRES / AX400X100031 at (75.9154 63.9356)
         Placed symbol:  R9 / R_AX400X100031_10K_SMDRES / AX400X100031 at (88.3606 63.9356)
         Placed symbol:  R10 / R_AX400X100031_470_SMDRES / AX400X100031 at (1.2442 66.8828)
         Placed symbol:  Y1 / ZTA_RAD450X200LS300031_3.6864MH / RAD450X200LS300031 at (14.6554 68.1528)
         Placed symbol:  Y2 / ZTA_RAD450X200LS300031_6MHZ_ / RAD450X200LS300031 at (26.4926 68.1528)


Placed 33 of 34 applicable (34 total) symbols.

-----------------------------------------------------------------------

